Determining if the function cblas_ddot exists failed with the following output:
Change Dir: /home/david/AttendanceSystem/build/CMakeFiles/CMakeTmp

Run Build Command(s):/usr/bin/gmake -f Makefile cmTC_5a826/fast && /usr/bin/gmake  -f CMakeFiles/cmTC_5a826.dir/build.make CMakeFiles/cmTC_5a826.dir/build
gmake[1]: Entering directory '/home/david/AttendanceSystem/build/CMakeFiles/CMakeTmp'
Building C object CMakeFiles/cmTC_5a826.dir/CheckFunctionExists.c.o
/usr/bin/cc   -DCHECK_FUNCTION_EXISTS=cblas_ddot -o CMakeFiles/cmTC_5a826.dir/CheckFunctionExists.c.o -c /usr/share/cmake-3.22/Modules/CheckFunctionExists.c
Linking C executable cmTC_5a826
/usr/bin/cmake -E cmake_link_script CMakeFiles/cmTC_5a826.dir/link.txt --verbose=1
/usr/bin/cc  -DCHECK_FUNCTION_EXISTS=cblas_ddot -L/home/david/.mujoco/usr/lib64  CMakeFiles/cmTC_5a826.dir/CheckFunctionExists.c.o -o cmTC_5a826 
/usr/bin/ld: CMakeFiles/cmTC_5a826.dir/CheckFunctionExists.c.o: in function `main':
CheckFunctionExists.c:(.text+0x14): undefined reference to `cblas_ddot'
collect2: error: ld returned 1 exit status
gmake[1]: *** [CMakeFiles/cmTC_5a826.dir/build.make:99: cmTC_5a826] Error 1
gmake[1]: Leaving directory '/home/david/AttendanceSystem/build/CMakeFiles/CMakeTmp'
gmake: *** [Makefile:127: cmTC_5a826/fast] Error 2



Determining if the function sgesv exists failed with the following output:
Change Dir: /home/david/AttendanceSystem/build/CMakeFiles/CMakeTmp

Run Build Command(s):/usr/bin/gmake -f Makefile cmTC_7c3d8/fast && /usr/bin/gmake  -f CMakeFiles/cmTC_7c3d8.dir/build.make CMakeFiles/cmTC_7c3d8.dir/build
gmake[1]: Entering directory '/home/david/AttendanceSystem/build/CMakeFiles/CMakeTmp'
Building C object CMakeFiles/cmTC_7c3d8.dir/CheckFunctionExists.c.o
/usr/bin/cc   -DCHECK_FUNCTION_EXISTS=sgesv -o CMakeFiles/cmTC_7c3d8.dir/CheckFunctionExists.c.o -c /usr/share/cmake-3.22/Modules/CheckFunctionExists.c
Linking C executable cmTC_7c3d8
/usr/bin/cmake -E cmake_link_script CMakeFiles/cmTC_7c3d8.dir/link.txt --verbose=1
/usr/bin/cc  -DCHECK_FUNCTION_EXISTS=sgesv -L/home/david/.mujoco/usr/lib64  CMakeFiles/cmTC_7c3d8.dir/CheckFunctionExists.c.o -o cmTC_7c3d8  /usr/lib/x86_64-linux-gnu/liblapack.so 
/usr/bin/ld: CMakeFiles/cmTC_7c3d8.dir/CheckFunctionExists.c.o: in function `main':
CheckFunctionExists.c:(.text+0x14): undefined reference to `sgesv'
collect2: error: ld returned 1 exit status
gmake[1]: *** [CMakeFiles/cmTC_7c3d8.dir/build.make:100: cmTC_7c3d8] Error 1
gmake[1]: Leaving directory '/home/david/AttendanceSystem/build/CMakeFiles/CMakeTmp'
gmake: *** [Makefile:127: cmTC_7c3d8/fast] Error 2



